<?xml version="1.0" encoding="UTF-8"?>
<!-- Generated by org.testng.reporters.JUnitReportReporter -->
<testsuite skipped="0" hostname="Wildsprit" name="org.testing.TestScripts.DemoTc" tests="1" failures="0" timestamp="08 Aug 2023 13:06:38 GMT" time="76.398" errors="0">
  <testcase name="Demo" time="76.398" classname="org.testing.TestScripts.DemoTc"/>
</testsuite> <!-- org.testing.TestScripts.DemoTc -->
