<?xml version="1.0" encoding="UTF-8"?>
<!-- Generated by org.testng.reporters.JUnitReportReporter -->
<testsuite skipped="0" hostname="Wildsprit" name="org.testing.TestScripts.TC2" tests="1" failures="0" timestamp="06 Sep 2023 08:30:53 GMT" time="69.051" errors="0">
  <testcase name="ClickOnHistory" time="69.051" classname="org.testing.TestScripts.TC2"/>
</testsuite> <!-- org.testing.TestScripts.TC2 -->
