<?xml version="1.0" encoding="UTF-8"?>
<!-- Generated by org.testng.reporters.JUnitReportReporter -->
<testsuite skipped="0" hostname="Wildsprit" name="org.testing.TestScripts.TC8" tests="1" failures="0" timestamp="06 Sep 2023 08:30:53 GMT" time="61.656" errors="0">
  <testcase name="Demo" time="61.656" classname="org.testing.TestScripts.TC8"/>
</testsuite> <!-- org.testing.TestScripts.TC8 -->
